
Symbol table '.symtab' contains 28 entries:
   Num:    Value  Size Type    Bind   Vis      Ndx Name
     0: 00000000     0 NOTYPE  LOCAL  DEFAULT  UND 
     1: 00000000     0 SECTION LOCAL  DEFAULT    1 
     2: 00000000     0 SECTION LOCAL  DEFAULT    2 
     3: 00000000     0 SECTION LOCAL  DEFAULT    3 
     4: 00000050     0 NOTYPE  LOCAL  DEFAULT    1 InventoryCheck
     5: 0000004c     0 NOTYPE  LOCAL  DEFAULT    1 LockpickCheck
     6: 00000000     0 NOTYPE  LOCAL  DEFAULT    1 $t
     7: 0000000c     0 NOTYPE  LOCAL  DEFAULT    1 $d
     8: 0000000e     0 NOTYPE  LOCAL  DEFAULT    1 $t
     9: 00000020     0 NOTYPE  LOCAL  DEFAULT    1 SkipLockpick
    10: 0000001a     0 NOTYPE  LOCAL  DEFAULT    1 $d
    11: 0000001c     0 NOTYPE  LOCAL  DEFAULT    1 $t
    12: 00000048     0 NOTYPE  LOCAL  DEFAULT    1 PopBack
    13: 00000032     0 NOTYPE  LOCAL  DEFAULT    1 DoorKeyCheck
    14: 00000040     0 NOTYPE  LOCAL  DEFAULT    1 DefaultCheck
    15: 0000002e     0 NOTYPE  LOCAL  DEFAULT    1 $d
    16: 0000003a     0 NOTYPE  LOCAL  DEFAULT    1 MasterKeyCheck
    17: 00000030     0 NOTYPE  LOCAL  DEFAULT    1 $t
    18: 00000038     0 NOTYPE  LOCAL  DEFAULT    1 $d
    19: 0000003a     0 NOTYPE  LOCAL  DEFAULT    1 $t
    20: 00000046     0 NOTYPE  LOCAL  DEFAULT    1 $d
    21: 00000048     0 NOTYPE  LOCAL  DEFAULT    1 $t
    22: 00000000     0 SECTION LOCAL  DEFAULT    6 
    23: 0000000c     0 NOTYPE  LOCAL  DEFAULT    9 $d
    24: 00000000     0 SECTION LOCAL  DEFAULT    8 
    25: 00000000     0 SECTION LOCAL  DEFAULT    4 
    26: 00000000     0 SECTION LOCAL  DEFAULT    9 
    27: 00000000     0 SECTION LOCAL  DEFAULT   11 
