
Symbol table '.symtab' contains 22 entries:
   Num:    Value  Size Type    Bind   Vis      Ndx Name
     0: 00000000     0 NOTYPE  LOCAL  DEFAULT  UND 
     1: 00000000     0 SECTION LOCAL  DEFAULT    1 
     2: 00000000     0 SECTION LOCAL  DEFAULT    2 
     3: 00000000     0 SECTION LOCAL  DEFAULT    3 
     4: 0000004c     0 NOTYPE  LOCAL  DEFAULT    1 Item_GetStat_EffectID
     5: 0000004c     0 NOTYPE  LOCAL  DEFAULT    1 OffsetList
     6: 00000050     0 NOTYPE  LOCAL  DEFAULT    1 PromoItemTable
     7: 00000000     0 NOTYPE  LOCAL  DEFAULT    1 $t
     8: 0000000e     0 NOTYPE  LOCAL  DEFAULT    1 $d
     9: 00000010     0 NOTYPE  LOCAL  DEFAULT    1 $t
    10: 00000042     0 NOTYPE  LOCAL  DEFAULT    1 Unusable
    11: 00000022     0 NOTYPE  LOCAL  DEFAULT    1 $d
    12: 00000024     0 NOTYPE  LOCAL  DEFAULT    1 $t
    13: 00000040     0 NOTYPE  LOCAL  DEFAULT    1 Usable
    14: 00000032     0 NOTYPE  LOCAL  DEFAULT    1 loop
    15: 00000000     0 SECTION LOCAL  DEFAULT    6 
    16: 0000000c     0 NOTYPE  LOCAL  DEFAULT    9 $d
    17: 00000000     0 SECTION LOCAL  DEFAULT    8 
    18: 00000000     0 SECTION LOCAL  DEFAULT    4 
    19: 00000000     0 SECTION LOCAL  DEFAULT    9 
    20: 00000000     0 SECTION LOCAL  DEFAULT   11 
    21: 00000001     0 FUNC    GLOBAL DEFAULT    1 IsPromoItemUsable
