
Symbol table '.symtab' contains 35 entries:
   Num:    Value  Size Type    Bind   Vis      Ndx Name
     0: 00000000     0 NOTYPE  LOCAL  DEFAULT  UND 
     1: 00000000     0 SECTION LOCAL  DEFAULT    1 
     2: 00000000     0 SECTION LOCAL  DEFAULT    2 
     3: 00000000     0 SECTION LOCAL  DEFAULT    3 
     4: 00000000     0 NOTYPE  LOCAL  DEFAULT    1 $t
     5: 0000000c     0 NOTYPE  LOCAL  DEFAULT    1 $d
     6: 0000000e     0 NOTYPE  LOCAL  DEFAULT    1 $t
     7: 00000012     0 NOTYPE  LOCAL  DEFAULT    1 $d
     8: 00000014     0 NOTYPE  LOCAL  DEFAULT    1 $t
     9: 0000005a     0 NOTYPE  LOCAL  DEFAULT    1 End
    10: 0000001c     0 NOTYPE  LOCAL  DEFAULT    1 $d
    11: 0000001e     0 NOTYPE  LOCAL  DEFAULT    1 $t
    12: 00000028     0 NOTYPE  LOCAL  DEFAULT    1 $d
    13: 0000002a     0 NOTYPE  LOCAL  DEFAULT    1 $t
    14: 0000002e     0 NOTYPE  LOCAL  DEFAULT    1 $d
    15: 00000030     0 NOTYPE  LOCAL  DEFAULT    1 $t
    16: 00000034     0 NOTYPE  LOCAL  DEFAULT    1 $d
    17: 00000036     0 NOTYPE  LOCAL  DEFAULT    1 $t
    18: 0000003a     0 NOTYPE  LOCAL  DEFAULT    1 $d
    19: 0000003c     0 NOTYPE  LOCAL  DEFAULT    1 $t
    20: 00000040     0 NOTYPE  LOCAL  DEFAULT    1 $d
    21: 00000042     0 NOTYPE  LOCAL  DEFAULT    1 $t
    22: 00000046     0 NOTYPE  LOCAL  DEFAULT    1 $d
    23: 00000048     0 NOTYPE  LOCAL  DEFAULT    1 $t
    24: 00000052     0 NOTYPE  LOCAL  DEFAULT    1 $d
    25: 00000054     0 NOTYPE  LOCAL  DEFAULT    1 $t
    26: 00000058     0 NOTYPE  LOCAL  DEFAULT    1 $d
    27: 0000005a     0 NOTYPE  LOCAL  DEFAULT    1 $t
    28: 00000060     0 NOTYPE  LOCAL  DEFAULT    1 $d
    29: 00000000     0 SECTION LOCAL  DEFAULT    6 
    30: 0000000c     0 NOTYPE  LOCAL  DEFAULT    9 $d
    31: 00000000     0 SECTION LOCAL  DEFAULT    8 
    32: 00000000     0 SECTION LOCAL  DEFAULT    4 
    33: 00000000     0 SECTION LOCAL  DEFAULT    9 
    34: 00000000     0 SECTION LOCAL  DEFAULT   11 
