
Symbol table '.symtab' contains 20 entries:
   Num:    Value  Size Type    Bind   Vis      Ndx Name
     0: 00000000     0 NOTYPE  LOCAL  DEFAULT  UND 
     1: 00000000     0 SECTION LOCAL  DEFAULT    1 
     2: 00000000     0 SECTION LOCAL  DEFAULT    2 
     3: 00000000     0 SECTION LOCAL  DEFAULT    3 
     4: 0202bcf0     0 NOTYPE  LOCAL  DEFAULT  ABS ChapterDataStruct
     5: 080d01fc     0 NOTYPE  LOCAL  DEFAULT  ABS PlaySoundEffect
     6: 0203e1f0     0 NOTYPE  LOCAL  DEFAULT  ABS WarpPostioning
     7: 00000000     0 NOTYPE  LOCAL  DEFAULT    1 $t
     8: 00000016     0 NOTYPE  LOCAL  DEFAULT    1 NoSound
     9: 00000014     0 NOTYPE  LOCAL  DEFAULT    1 $d
    10: 00000016     0 NOTYPE  LOCAL  DEFAULT    1 $t
    11: 0000003a     0 NOTYPE  LOCAL  DEFAULT    1 $d
    12: 0000003c     0 NOTYPE  LOCAL  DEFAULT    1 $t
    13: 00000040     0 NOTYPE  LOCAL  DEFAULT    1 $d
    14: 00000000     0 SECTION LOCAL  DEFAULT    6 
    15: 0000000c     0 NOTYPE  LOCAL  DEFAULT    9 $d
    16: 00000000     0 SECTION LOCAL  DEFAULT    8 
    17: 00000000     0 SECTION LOCAL  DEFAULT    4 
    18: 00000000     0 SECTION LOCAL  DEFAULT    9 
    19: 00000000     0 SECTION LOCAL  DEFAULT   11 
