
Symbol table '.symtab' contains 21 entries:
   Num:    Value  Size Type    Bind   Vis      Ndx Name
     0: 00000000     0 NOTYPE  LOCAL  DEFAULT  UND 
     1: 00000000     0 SECTION LOCAL  DEFAULT    1 
     2: 00000000     0 SECTION LOCAL  DEFAULT    2 
     3: 00000000     0 SECTION LOCAL  DEFAULT    3 
     4: 00000000     0 NOTYPE  LOCAL  DEFAULT    1 $t
     5: 00000030     0 NOTYPE  LOCAL  DEFAULT    1 ActionStruct
     6: 0000001c     0 NOTYPE  LOCAL  DEFAULT    1 GrabTile
     7: 00000034     0 NOTYPE  LOCAL  DEFAULT    1 RamCharByID
     8: 00000010     0 NOTYPE  LOCAL  DEFAULT    1 $d
     9: 00000012     0 NOTYPE  LOCAL  DEFAULT    1 $t
    10: 00000020     0 NOTYPE  LOCAL  DEFAULT    1 MakeBallista
    11: 00000038     0 NOTYPE  LOCAL  DEFAULT    1 SpawnBallista
    12: 00000026     0 NOTYPE  LOCAL  DEFAULT    1 $d
    13: 00000028     0 NOTYPE  LOCAL  DEFAULT    1 $t
    14: 00000030     0 NOTYPE  LOCAL  DEFAULT    1 $d
    15: 00000000     0 SECTION LOCAL  DEFAULT    6 
    16: 0000000c     0 NOTYPE  LOCAL  DEFAULT    9 $d
    17: 00000000     0 SECTION LOCAL  DEFAULT    8 
    18: 00000000     0 SECTION LOCAL  DEFAULT    4 
    19: 00000000     0 SECTION LOCAL  DEFAULT    9 
    20: 00000000     0 SECTION LOCAL  DEFAULT   11 
