
Symbol table '.symtab' contains 18 entries:
   Num:    Value  Size Type    Bind   Vis      Ndx Name
     0: 00000000     0 NOTYPE  LOCAL  DEFAULT  UND 
     1: 00000000     0 SECTION LOCAL  DEFAULT    1 
     2: 00000000     0 SECTION LOCAL  DEFAULT    2 
     3: 00000000     0 SECTION LOCAL  DEFAULT    3 
     4: 0202e4e4     0 NOTYPE  LOCAL  DEFAULT  ABS RangeMap
     5: 0202e4dc     0 NOTYPE  LOCAL  DEFAULT  ABS TerrainMap
     6: 0202e4d8     0 NOTYPE  LOCAL  DEFAULT  ABS UnitMap
     7: 0000003c     0 NOTYPE  LOCAL  DEFAULT    1 BallistaTerrainTable
     8: 0000003c     0 NOTYPE  LOCAL  DEFAULT    1 OffsetList
     9: 00000000     0 NOTYPE  LOCAL  DEFAULT    1 $t
    10: 0000002e     0 NOTYPE  LOCAL  DEFAULT    1 End
    11: 00000034     0 NOTYPE  LOCAL  DEFAULT    1 $d
    12: 00000000     0 SECTION LOCAL  DEFAULT    6 
    13: 0000000c     0 NOTYPE  LOCAL  DEFAULT    9 $d
    14: 00000000     0 SECTION LOCAL  DEFAULT    8 
    15: 00000000     0 SECTION LOCAL  DEFAULT    4 
    16: 00000000     0 SECTION LOCAL  DEFAULT    9 
    17: 00000000     0 SECTION LOCAL  DEFAULT   11 
