
Symbol table '.symtab' contains 158 entries:
   Num:    Value  Size Type    Bind   Vis      Ndx Name
     0: 00000000     0 NOTYPE  LOCAL  DEFAULT  UND 
     1: 00000000     0 SECTION LOCAL  DEFAULT    1 
     2: 00000000     0 SECTION LOCAL  DEFAULT    2 
     3: 00000000     0 SECTION LOCAL  DEFAULT    3 
     4: 0202bcf0     0 NOTYPE  LOCAL  DEFAULT  ABS ChapterDataStruct
     5: 0202e4d4     0 NOTYPE  LOCAL  DEFAULT  ABS CurrentMapSize
     6: 0202e4d8     0 NOTYPE  LOCAL  DEFAULT  ABS UnitMapRows
     7: 0202e4dc     0 NOTYPE  LOCAL  DEFAULT  ABS TerrainMapRows
     8: 0202e4e0     0 NOTYPE  LOCAL  DEFAULT  ABS MoveCostMapRows
     9: 0202e4e4     0 NOTYPE  LOCAL  DEFAULT  ABS RangeMapRows
    10: 0202e4e8     0 NOTYPE  LOCAL  DEFAULT  ABS FogMapRows
    11: 0203a958     0 NOTYPE  LOCAL  DEFAULT  ABS ActionStruct
    12: 0203dde8     0 NOTYPE  LOCAL  DEFAULT  ABS TargeterXY
    13: 0203ddec     0 NOTYPE  LOCAL  DEFAULT  ABS TargetList
    14: 0203e0ec     0 NOTYPE  LOCAL  DEFAULT  ABS TargetNum
    15: 02033f3c     0 NOTYPE  LOCAL  DEFAULT  ABS SelectedUnit
    16: 03004e50     0 NOTYPE  LOCAL  DEFAULT  ABS ActiveUnit
    17: 08016aec     0 NOTYPE  LOCAL  DEFAULT  ABS DecrementItemUses
    18: 08016b28     0 NOTYPE  LOCAL  DEFAULT  ABS Unit_GetEquippedWeapon
    19: 08017584     0 NOTYPE  LOCAL  DEFAULT  ABS Item_GetUsesLeft
    20: 08017984     0 NOTYPE  LOCAL  DEFAULT  ABS Unit_ReorderItems
    21: 080179d8     0 NOTYPE  LOCAL  DEFAULT  ABS Unit_GetItemCount
    22: 08019430     0 NOTYPE  LOCAL  DEFAULT  ABS GetUnit
    23: 080189b8     0 NOTYPE  LOCAL  DEFAULT  ABS Unit_GetAid
    24: 08018a1c     0 NOTYPE  LOCAL  DEFAULT  ABS Unit_GetHalfMag
    25: 08019150     0 NOTYPE  LOCAL  DEFAULT  ABS Unit_GetCurHP
    26: 08019190     0 NOTYPE  LOCAL  DEFAULT  ABS Unit_GetMaxHP
    27: 080191b0     0 NOTYPE  LOCAL  DEFAULT  ABS Unit_GetStr
    28: 080191b0     0 NOTYPE  LOCAL  DEFAULT  ABS Unit_GetMag
    29: 080191d0     0 NOTYPE  LOCAL  DEFAULT  ABS Unit_GetSkl
    30: 08019210     0 NOTYPE  LOCAL  DEFAULT  ABS Unit_GetSpd
    31: 08019250     0 NOTYPE  LOCAL  DEFAULT  ABS Unit_GetDef
    32: 08019270     0 NOTYPE  LOCAL  DEFAULT  ABS Unit_GetRes
    33: 08019298     0 NOTYPE  LOCAL  DEFAULT  ABS Unit_GetLuck
    34: 0801949c     0 NOTYPE  LOCAL  DEFAULT  ABS Unit_CanCrossTerrain
    35: 080171e8     0 NOTYPE  LOCAL  DEFAULT  ABS Unit_GetRangeMap
    36: 08028870     0 NOTYPE  LOCAL  DEFAULT  ABS Unit_CanUseItem
    37: 0802ccdc     0 NOTYPE  LOCAL  DEFAULT  ABS StaffHitRate
    38: 080197e4     0 NOTYPE  LOCAL  DEFAULT  ABS FillMap
    39: 0801aabc     0 NOTYPE  LOCAL  DEFAULT  ABS AddRange
    40: 08024eac     0 NOTYPE  LOCAL  DEFAULT  ABS CheckUnitsInRange
    41: 08024f18     0 NOTYPE  LOCAL  DEFAULT  ABS CheckTilesInRange
    42: 08024f70     0 NOTYPE  LOCAL  DEFAULT  ABS CheckAdjacentUnits
    43: 0801da98     0 NOTYPE  LOCAL  DEFAULT  ABS ShowRangeSquares
    44: 0801dacc     0 NOTYPE  LOCAL  DEFAULT  ABS HideRangeSquares
    45: 0804f8a4     0 NOTYPE  LOCAL  DEFAULT  ABS RefreshTargetList
    46: 0804f8bc     0 NOTYPE  LOCAL  DEFAULT  ABS AddTargetListEntry
    47: 0804fd28     0 NOTYPE  LOCAL  DEFAULT  ABS GetTargetListSize
    48: 0804fd34     0 NOTYPE  LOCAL  DEFAULT  ABS GetTargetListEntry
    49: 0804fa3c     0 NOTYPE  LOCAL  DEFAULT  ABS NewTargetSelection
    50: 0804faa4     0 NOTYPE  LOCAL  DEFAULT  ABS NewTargetSelectv2
    51: 08002c7c     0 NOTYPE  LOCAL  DEFAULT  ABS New6C
    52: 08002ce0     0 NOTYPE  LOCAL  DEFAULT  ABS New6CBlocking
    53: 08002d6c     0 NOTYPE  LOCAL  DEFAULT  ABS End6C
    54: 08002e94     0 NOTYPE  LOCAL  DEFAULT  ABS Break6CLoop
    55: 08002e9c     0 NOTYPE  LOCAL  DEFAULT  ABS Find6C
    56: 08002f24     0 NOTYPE  LOCAL  DEFAULT  ABS Goto6CLabel
    57: 08002f5c     0 NOTYPE  LOCAL  DEFAULT  ABS Goto6CPointer
    58: 08002f98     0 NOTYPE  LOCAL  DEFAULT  ABS ForEach6C
    59: 08002fec     0 NOTYPE  LOCAL  DEFAULT  ABS BlockEach6CMarked
    60: 08003014     0 NOTYPE  LOCAL  DEFAULT  ABS UnblockEach6CMarked
    61: 08003040     0 NOTYPE  LOCAL  DEFAULT  ABS DeleteEach6CMarked
    62: 08003078     0 NOTYPE  LOCAL  DEFAULT  ABS DeleteEach6C
    63: 08003094     0 NOTYPE  LOCAL  DEFAULT  ABS BreakEach6CLoop
    64: 08015360     0 NOTYPE  LOCAL  DEFAULT  ABS LockGameLogic
    65: 08015370     0 NOTYPE  LOCAL  DEFAULT  ABS UnlockGameLogic
    66: 0800a240     0 NOTYPE  LOCAL  DEFAULT  ABS GetTextBuffer
    67: 08035708     0 NOTYPE  LOCAL  DEFAULT  ABS SetBottomHelpText
    68: 0802e1f0     0 NOTYPE  LOCAL  DEFAULT  ABS FindTrapAt
    69: 0802e24c     0 NOTYPE  LOCAL  DEFAULT  ABS FindTrapTypeAt
    70: 0802e2b8     0 NOTYPE  LOCAL  DEFAULT  ABS CreateTrap
    71: 0802ea58     0 NOTYPE  LOCAL  DEFAULT  ABS CreateLightRune
    72: 08037a04     0 NOTYPE  LOCAL  DEFAULT  ABS CreateBallista
    73: 0803798c     0 NOTYPE  LOCAL  DEFAULT  ABS FindBallistaAt
    74: 08003d20     0 NOTYPE  LOCAL  DEFAULT  ABS Font_ResetAllocation
    75: 080d01fc     0 NOTYPE  LOCAL  DEFAULT  ABS PlaySoundEffect
    76: 0802951c     0 NOTYPE  LOCAL  DEFAULT  ABS ConfirmStaffUse
    77: 00000001     0 NOTYPE  LOCAL  DEFAULT  ABS _tPlains
    78: 00000002     0 NOTYPE  LOCAL  DEFAULT  ABS _tRoad
    79: 00000003     0 NOTYPE  LOCAL  DEFAULT  ABS _tVillageEntrance
    80: 00000004     0 NOTYPE  LOCAL  DEFAULT  ABS _tVillageEntrance2
    81: 00000005     0 NOTYPE  LOCAL  DEFAULT  ABS _tHouse
    82: 00000006     0 NOTYPE  LOCAL  DEFAULT  ABS _tArmory
    83: 00000007     0 NOTYPE  LOCAL  DEFAULT  ABS _tVendor
    84: 00000008     0 NOTYPE  LOCAL  DEFAULT  ABS _tArena1
    85: 0000000a     0 NOTYPE  LOCAL  DEFAULT  ABS _tFort
    86: 0000000b     0 NOTYPE  LOCAL  DEFAULT  ABS _tGate
    87: 0000000c     0 NOTYPE  LOCAL  DEFAULT  ABS _tForest
    88: 0000000d     0 NOTYPE  LOCAL  DEFAULT  ABS _tThicket
    89: 0000000e     0 NOTYPE  LOCAL  DEFAULT  ABS _tSand
    90: 0000000f     0 NOTYPE  LOCAL  DEFAULT  ABS _tDesert
    91: 00000010     0 NOTYPE  LOCAL  DEFAULT  ABS _tRiver
    92: 00000011     0 NOTYPE  LOCAL  DEFAULT  ABS _tMountain
    93: 00000012     0 NOTYPE  LOCAL  DEFAULT  ABS _tPeak
    94: 00000013     0 NOTYPE  LOCAL  DEFAULT  ABS _tBridge
    95: 00000014     0 NOTYPE  LOCAL  DEFAULT  ABS _tBridge2
    96: 00000015     0 NOTYPE  LOCAL  DEFAULT  ABS _tSea
    97: 00000016     0 NOTYPE  LOCAL  DEFAULT  ABS _tLake
    98: 00000017     0 NOTYPE  LOCAL  DEFAULT  ABS _tFloor
    99: 00000018     0 NOTYPE  LOCAL  DEFAULT  ABS _tFloor2
   100: 00000019     0 NOTYPE  LOCAL  DEFAULT  ABS _tFence
   101: 0000001a     0 NOTYPE  LOCAL  DEFAULT  ABS _tWall
   102: 0000001b     0 NOTYPE  LOCAL  DEFAULT  ABS _tCrackedWall
   103: 0000001c     0 NOTYPE  LOCAL  DEFAULT  ABS _tRubble
   104: 0000001d     0 NOTYPE  LOCAL  DEFAULT  ABS _tPillar
   105: 0000001e     0 NOTYPE  LOCAL  DEFAULT  ABS _tDoor
   106: 0000001f     0 NOTYPE  LOCAL  DEFAULT  ABS _tThrone
   107: 00000020     0 NOTYPE  LOCAL  DEFAULT  ABS _tOpenChest
   108: 00000021     0 NOTYPE  LOCAL  DEFAULT  ABS _tChest
   109: 00000022     0 NOTYPE  LOCAL  DEFAULT  ABS _tRoof
   110: 00000023     0 NOTYPE  LOCAL  DEFAULT  ABS _tGate2
   111: 00000024     0 NOTYPE  LOCAL  DEFAULT  ABS _tChurch
   112: 00000025     0 NOTYPE  LOCAL  DEFAULT  ABS _tRuins
   113: 00000026     0 NOTYPE  LOCAL  DEFAULT  ABS _tCliff
   114: 0000002a     0 NOTYPE  LOCAL  DEFAULT  ABS _tFlat
   115: 0000002b     0 NOTYPE  LOCAL  DEFAULT  ABS _tWreck
   116: 0000002c     0 NOTYPE  LOCAL  DEFAULT  ABS _tBuilding
   117: 0000002d     0 NOTYPE  LOCAL  DEFAULT  ABS _tStairs
   118: 0000002e     0 NOTYPE  LOCAL  DEFAULT  ABS _tBuilding2
   119: 0000002f     0 NOTYPE  LOCAL  DEFAULT  ABS _tGlacier
   120: 00000030     0 NOTYPE  LOCAL  DEFAULT  ABS _tArena2
   121: 00000031     0 NOTYPE  LOCAL  DEFAULT  ABS _tValley
   122: 00000032     0 NOTYPE  LOCAL  DEFAULT  ABS _tFence2
   123: 00000033     0 NOTYPE  LOCAL  DEFAULT  ABS _tSnag
   124: 00000034     0 NOTYPE  LOCAL  DEFAULT  ABS _tSnagbridge
   125: 00000035     0 NOTYPE  LOCAL  DEFAULT  ABS _tSky
   126: 00000036     0 NOTYPE  LOCAL  DEFAULT  ABS _tDeeps
   127: 00000037     0 NOTYPE  LOCAL  DEFAULT  ABS _tRuins2
   128: 00000038     0 NOTYPE  LOCAL  DEFAULT  ABS _tInn
   129: 00000039     0 NOTYPE  LOCAL  DEFAULT  ABS _tBarrel
   130: 0000003a     0 NOTYPE  LOCAL  DEFAULT  ABS _tBone
   131: 0000003b     0 NOTYPE  LOCAL  DEFAULT  ABS _tDark
   132: 0000003c     0 NOTYPE  LOCAL  DEFAULT  ABS _tWater
   133: 0000003d     0 NOTYPE  LOCAL  DEFAULT  ABS _tGunnels
   134: 0000003e     0 NOTYPE  LOCAL  DEFAULT  ABS _tDeck
   135: 0000003f     0 NOTYPE  LOCAL  DEFAULT  ABS _tBrace
   136: 00000040     0 NOTYPE  LOCAL  DEFAULT  ABS _tMast
   137: 080831f0     0 NOTYPE  LOCAL  DEFAULT  ABS OpenableDoor
   138: 080831ac     0 NOTYPE  LOCAL  DEFAULT  ABS OpenableChest
   139: 00000000     0 NOTYPE  LOCAL  DEFAULT    1 $t
   140: 0000002a     0 NOTYPE  LOCAL  DEFAULT    1 ChestCheck
   141: 00000046     0 NOTYPE  LOCAL  DEFAULT    1 End
   142: 0000001c     0 NOTYPE  LOCAL  DEFAULT    1 DoorCheck
   143: 00000024     0 NOTYPE  LOCAL  DEFAULT    1 $d
   144: 00000026     0 NOTYPE  LOCAL  DEFAULT    1 $t
   145: 00000036     0 NOTYPE  LOCAL  DEFAULT    1 IfOpenable
   146: 00000032     0 NOTYPE  LOCAL  DEFAULT    1 $d
   147: 00000034     0 NOTYPE  LOCAL  DEFAULT    1 $t
   148: 00000044     0 NOTYPE  LOCAL  DEFAULT    1 $d
   149: 00000046     0 NOTYPE  LOCAL  DEFAULT    1 $t
   150: 0000004c     0 NOTYPE  LOCAL  DEFAULT    1 $d
   151: 0000005c     0 NOTYPE  LOCAL  DEFAULT    1 OffsetList
   152: 00000000     0 SECTION LOCAL  DEFAULT    6 
   153: 0000000c     0 NOTYPE  LOCAL  DEFAULT    9 $d
   154: 00000000     0 SECTION LOCAL  DEFAULT    8 
   155: 00000000     0 SECTION LOCAL  DEFAULT    4 
   156: 00000000     0 SECTION LOCAL  DEFAULT    9 
   157: 00000000     0 SECTION LOCAL  DEFAULT   11 
